In [1]: bin(12)
Out[1]: '0b1100'

In [2]: bin(12)[2:].rjust(64,'0')
Out[2]: '0000000000000000000000000000000000000000000000000000000000001100'

In [3]: print('1'*64)
1111111111111111111111111111111111111111111111111111111111111111

In [4]: 0b1111111111111111111111111111111111111111111111111111111111111111
Out[4]: 18446744073709551615

In [5]: bin(0x7fffffffffffffff)[2:].rjust(64,'0')
Out[5]: '0111111111111111111111111111111111111111111111111111111111111111'

In [6]: 0b11111111111111111111111111111111111111111111111111111111111111111
Out[6]: 36893488147419103231

In [7]: bin(0x8000000000000000)
Out[7]: '0b1000000000000000000000000000000000000000000000000000000000000000'

In [8]: 0b111111111111111111111111111111111111111111111111111111111111111
Out[8]: 9223372036854775807

In [9]: 9223372036854775807-12
Out[9]: 9223372036854775795

In [10]: 9223372036854775807-11
Out[10]: 9223372036854775796